0 info it worked if it ends with ok
1 verbose cli [ 'node', '/usr/local/bin/npm', 'install', '-g', 'css-sprite' ]
2 info using npm@1.4.28
3 info using node@v0.10.33
4 verbose cache add [ 'css-sprite', null ]
5 verbose cache add name=undefined spec="css-sprite" args=["css-sprite",null]
6 verbose parsed url { protocol: null,
6 verbose parsed url   slashes: null,
6 verbose parsed url   auth: null,
6 verbose parsed url   host: null,
6 verbose parsed url   port: null,
6 verbose parsed url   hostname: null,
6 verbose parsed url   hash: null,
6 verbose parsed url   search: null,
6 verbose parsed url   query: null,
6 verbose parsed url   pathname: 'css-sprite',
6 verbose parsed url   path: 'css-sprite',
6 verbose parsed url   href: 'css-sprite' }
7 silly lockFile 28c7c298-css-sprite css-sprite
8 verbose lock css-sprite /Users/thomasgertin3/.npm/28c7c298-css-sprite.lock
9 silly lockFile 28c7c298-css-sprite css-sprite
10 silly lockFile 28c7c298-css-sprite css-sprite
11 verbose addNamed [ 'css-sprite', '' ]
12 verbose addNamed [ null, '*' ]
13 silly lockFile a548cb05-css-sprite css-sprite@
14 verbose lock css-sprite@ /Users/thomasgertin3/.npm/a548cb05-css-sprite.lock
15 silly addNameRange { name: 'css-sprite', range: '*', hasData: false }
16 verbose request where is /css-sprite
17 verbose request registry https://registry.npmjs.org/
18 verbose request id 3b509034b567e295
19 verbose url raw /css-sprite
20 verbose url resolving [ 'https://registry.npmjs.org/', './css-sprite' ]
21 verbose url resolved https://registry.npmjs.org/css-sprite
22 verbose request where is https://registry.npmjs.org/css-sprite
23 info trying registry request attempt 1 at 16:27:17
24 http GET https://registry.npmjs.org/css-sprite
25 http 200 https://registry.npmjs.org/css-sprite
26 silly registry.get cb [ 200,
26 silly registry.get   { server: 'CouchDB/1.5.0 (Erlang OTP/R16B03)',
26 silly registry.get     etag: '"780PD9PLRJRFLX7N5BCOKESP6"',
26 silly registry.get     'content-type': 'application/json',
26 silly registry.get     'cache-control': 'max-age=60',
26 silly registry.get     'content-length': '52745',
26 silly registry.get     'accept-ranges': 'bytes',
26 silly registry.get     date: 'Mon, 08 Jun 2015 20:27:01 GMT',
26 silly registry.get     via: '1.1 varnish',
26 silly registry.get     age: '0',
26 silly registry.get     connection: 'keep-alive',
26 silly registry.get     'x-served-by': 'cache-jfk1022-JFK',
26 silly registry.get     'x-cache': 'MISS',
26 silly registry.get     'x-cache-hits': '0',
26 silly registry.get     'x-timer': 'S1433795221.891533,VS0,VE85',
26 silly registry.get     vary: 'Accept' } ]
27 silly addNameRange number 2 { name: 'css-sprite', range: '*', hasData: true }
28 silly addNameRange versions [ 'css-sprite',
28 silly addNameRange   [ '0.4.0',
28 silly addNameRange     '0.5.0',
28 silly addNameRange     '0.6.0',
28 silly addNameRange     '0.6.1',
28 silly addNameRange     '0.6.2',
28 silly addNameRange     '0.6.3',
28 silly addNameRange     '0.7.0-beta1',
28 silly addNameRange     '0.7.0-beta2',
28 silly addNameRange     '0.7.0-beta3',
28 silly addNameRange     '0.8.0-beta1',
28 silly addNameRange     '0.8.0-beta2',
28 silly addNameRange     '0.9.0-beta',
28 silly addNameRange     '0.9.0-beta2',
28 silly addNameRange     '0.9.0',
28 silly addNameRange     '0.9.1',
28 silly addNameRange     '0.9.3',
28 silly addNameRange     '0.9.4',
28 silly addNameRange     '0.9.5',
28 silly addNameRange     '0.9.6',
28 silly addNameRange     '0.9.7',
28 silly addNameRange     '0.9.8',
28 silly addNameRange     '0.9.9' ] ]
29 verbose addNamed [ 'css-sprite', '0.9.9' ]
30 verbose addNamed [ '0.9.9', '0.9.9' ]
31 silly lockFile 08a23010-css-sprite-0-9-9 css-sprite@0.9.9
32 verbose lock css-sprite@0.9.9 /Users/thomasgertin3/.npm/08a23010-css-sprite-0-9-9.lock
33 warn deprecated css-sprite@0.9.9: css-sprite is now called sprity
34 silly lockFile e60dbd51--css-sprite-css-sprite-0-9-9-tgz https://registry.npmjs.org/css-sprite/-/css-sprite-0.9.9.tgz
35 verbose lock https://registry.npmjs.org/css-sprite/-/css-sprite-0.9.9.tgz /Users/thomasgertin3/.npm/e60dbd51--css-sprite-css-sprite-0-9-9-tgz.lock
36 verbose addRemoteTarball [ 'https://registry.npmjs.org/css-sprite/-/css-sprite-0.9.9.tgz',
36 verbose addRemoteTarball   'de3874342288f111a51be0bf491ad72e65dbed15' ]
37 info retry fetch attempt 1 at 16:27:18
38 verbose fetch to= /var/folders/qv/kt8xg9k55lj2p_xkkbqc2fnh0000gn/T/npm-63906-9HSjLd3_/registry.npmjs.org/css-sprite/-/css-sprite-0.9.9.tgz
39 http GET https://registry.npmjs.org/css-sprite/-/css-sprite-0.9.9.tgz
40 http 200 https://registry.npmjs.org/css-sprite/-/css-sprite-0.9.9.tgz
41 silly lockFile e60dbd51--css-sprite-css-sprite-0-9-9-tgz https://registry.npmjs.org/css-sprite/-/css-sprite-0.9.9.tgz
42 silly lockFile e60dbd51--css-sprite-css-sprite-0-9-9-tgz https://registry.npmjs.org/css-sprite/-/css-sprite-0.9.9.tgz
43 silly lockFile 08a23010-css-sprite-0-9-9 css-sprite@0.9.9
44 silly lockFile 08a23010-css-sprite-0-9-9 css-sprite@0.9.9
45 silly lockFile a548cb05-css-sprite css-sprite@
46 silly lockFile a548cb05-css-sprite css-sprite@
47 silly resolved [ { name: 'css-sprite',
47 silly resolved     version: '0.9.9',
47 silly resolved     description: 'css sprite generator',
47 silly resolved     license: 'MIT',
47 silly resolved     repository:
47 silly resolved      { type: 'git',
47 silly resolved        url: 'https://github.com/aslansky/css-sprite.git' },
47 silly resolved     homepage: 'https://github.com/aslansky/css-sprite',
47 silly resolved     bugs: { url: 'https://github.com/aslansky/css-sprite/issues' },
47 silly resolved     author:
47 silly resolved      { name: 'Alexander Slansky',
47 silly resolved        email: 'alexander@slansky.net',
47 silly resolved        url: 'http://slansky.net' },
47 silly resolved     engines: { node: '>=0.10.0' },
47 silly resolved     bin: { 'css-sprite': './bin/cli.js' },
47 silly resolved     scripts:
47 silly resolved      { test: 'mocha --reporter spec',
47 silly resolved        coveralls: 'istanbul cover _mocha --report lcovonly -- -R spec && cat ./coverage/lcov.info | coveralls && rm -rf ./coverage',
47 silly resolved        coverage: 'istanbul cover _mocha --report html -- -R spec',
47 silly resolved        hint: 'jshint lib/**/*.js index.js',
47 silly resolved        style: 'jscs test/*.js lib/**/*.js index.js' },
47 silly resolved     main: './index.js',
47 silly resolved     keywords:
47 silly resolved      [ 'sprites',
47 silly resolved        'sprite',
47 silly resolved        'coordinates',
47 silly resolved        'css',
47 silly resolved        'scss',
47 silly resolved        'less',
47 silly resolved        'sass',
47 silly resolved        'stylus',
47 silly resolved        'gulpfriendly',
47 silly resolved        'gruntplugin' ],
47 silly resolved     dependencies:
47 silly resolved      { async: '^0.9.0',
47 silly resolved        color: '^0.8.0',
47 silly resolved        cssesc: '^0.1.0',
47 silly resolved        'graceful-fs': '^3.0.5',
47 silly resolved        imageinfo: '^1.0.4',
47 silly resolved        json2css: '^6.1.0',
47 silly resolved        layout: '~2.2.0',
47 silly resolved        lodash: '^3.3.1',
47 silly resolved        lwip: '0.0.6',
47 silly resolved        mkdirp: '^0.5.0',
47 silly resolved        mustache: '^1.1.0',
47 silly resolved        nomnom: '^1.8.1',
47 silly resolved        through2: '^0.6.3',
47 silly resolved        vinyl: '^0.4.6',
47 silly resolved        'vinyl-fs': '1.0.0' },
47 silly resolved     devDependencies:
47 silly resolved      { mocha: '^2.1.0',
47 silly resolved        'mocha-lcov-reporter': '^0.0.2',
47 silly resolved        coveralls: '^2.11.2',
47 silly resolved        istanbul: '^0.3.7',
47 silly resolved        should: '^5.1.0',
47 silly resolved        stylus: '^0.50.0',
47 silly resolved        'node-sass': '^2.0.1',
47 silly resolved        less: '^2.4.0',
47 silly resolved        'clean-css': '^3.1.4',
47 silly resolved        grunt: '^0.4.5' },
47 silly resolved     gitHead: 'e1a160648aa9c4c8e98ac309e35566c761448e5c',
47 silly resolved     _id: 'css-sprite@0.9.9',
47 silly resolved     _shasum: 'de3874342288f111a51be0bf491ad72e65dbed15',
47 silly resolved     _from: 'css-sprite@',
47 silly resolved     _npmVersion: '2.7.4',
47 silly resolved     _nodeVersion: '0.10.38',
47 silly resolved     _npmUser: { name: 'aslansky', email: 'alexander@slansky.net' },
47 silly resolved     maintainers: [ [Object] ],
47 silly resolved     dist:
47 silly resolved      { shasum: 'de3874342288f111a51be0bf491ad72e65dbed15',
47 silly resolved        tarball: 'http://registry.npmjs.org/css-sprite/-/css-sprite-0.9.9.tgz' },
47 silly resolved     deprecated: 'css-sprite is now called sprity',
47 silly resolved     directories: {},
47 silly resolved     _resolved: 'https://registry.npmjs.org/css-sprite/-/css-sprite-0.9.9.tgz' } ]
48 info install css-sprite@0.9.9 into /usr/local/lib
49 info installOne css-sprite@0.9.9
50 verbose lib/node_modules/css-sprite unbuild
51 verbose tar unpack /Users/thomasgertin3/.npm/css-sprite/0.9.9/package.tgz
52 silly lockFile 8db48b4c-ocal-lib-node-modules-css-sprite tar:///usr/local/lib/node_modules/css-sprite
53 verbose lock tar:///usr/local/lib/node_modules/css-sprite /Users/thomasgertin3/.npm/8db48b4c-ocal-lib-node-modules-css-sprite.lock
54 silly lockFile ec847f20-npm-css-sprite-0-9-9-package-tgz tar:///Users/thomasgertin3/.npm/css-sprite/0.9.9/package.tgz
55 verbose lock tar:///Users/thomasgertin3/.npm/css-sprite/0.9.9/package.tgz /Users/thomasgertin3/.npm/ec847f20-npm-css-sprite-0-9-9-package-tgz.lock
56 silly gunzTarPerm modes [ '755', '644' ]
57 error Error: EACCES, mkdir '/usr/local/lib/node_modules/css-sprite'
57 error  { [Error: EACCES, mkdir '/usr/local/lib/node_modules/css-sprite']
57 error   errno: 3,
57 error   code: 'EACCES',
57 error   path: '/usr/local/lib/node_modules/css-sprite',
57 error   fstream_type: 'Directory',
57 error   fstream_path: '/usr/local/lib/node_modules/css-sprite',
57 error   fstream_class: 'DirWriter',
57 error   fstream_stack:
57 error    [ '/usr/local/lib/node_modules/npm/node_modules/fstream/lib/dir-writer.js:36:23',
57 error      '/usr/local/lib/node_modules/npm/node_modules/mkdirp/index.js:46:53',
57 error      'Object.oncomplete (fs.js:107:15)' ] }
58 error Please try running this command again as root/Administrator.
59 error System Darwin 14.3.0
60 error command "node" "/usr/local/bin/npm" "install" "-g" "css-sprite"
61 error cwd /Users/thomasgertin3/repos/SecondaryCities
62 error node -v v0.10.33
63 error npm -v 1.4.28
64 error path /usr/local/lib/node_modules/css-sprite
65 error fstream_path /usr/local/lib/node_modules/css-sprite
66 error fstream_type Directory
67 error fstream_class DirWriter
68 error code EACCES
69 error errno 3
70 error stack Error: EACCES, mkdir '/usr/local/lib/node_modules/css-sprite'
71 error fstream_stack /usr/local/lib/node_modules/npm/node_modules/fstream/lib/dir-writer.js:36:23
71 error fstream_stack /usr/local/lib/node_modules/npm/node_modules/mkdirp/index.js:46:53
71 error fstream_stack Object.oncomplete (fs.js:107:15)
72 verbose exit [ 3, true ]
